  Escobar_Ayleen_PruebaPila.cpp
  Pila.cpp
  Generando código...
C:\Users\famil\Desktop\ESTRUCTURA DE DATOS I\Escobar_Ayleen_PruebaPila\Pila.cpp(5,1): error C2653: 'Pila': no es un nombre de clase o espacio de nombres
C:\Users\famil\Desktop\ESTRUCTURA DE DATOS I\Escobar_Ayleen_PruebaPila\Pila.cpp(5,7): error C4430: falta el especificador de tipo; se presupone int. Nota: C++ no admite default-int
C:\Users\famil\Desktop\ESTRUCTURA DE DATOS I\Escobar_Ayleen_PruebaPila\Pila.cpp(6,2): error C2065: 'cima': identificador no declarado
C:\Users\famil\Desktop\ESTRUCTURA DE DATOS I\Escobar_Ayleen_PruebaPila\Pila.cpp(7,1): warning C4508: 'Pila': la función debe devolver un valor; se supone que el tipo de valor devuelto es 'void'
C:\Users\famil\Desktop\ESTRUCTURA DE DATOS I\Escobar_Ayleen_PruebaPila\Pila.cpp(9,6): error C2653: 'Pila': no es un nombre de clase o espacio de nombres
C:\Users\famil\Desktop\ESTRUCTURA DE DATOS I\Escobar_Ayleen_PruebaPila\Pila.cpp(9,12): error C2182: 'insertar': este uso de 'void' no es válido
C:\Users\famil\Desktop\ESTRUCTURA DE DATOS I\Escobar_Ayleen_PruebaPila\Pila.cpp(9,21): error C2065: 'Datos': identificador no declarado
C:\Users\famil\Desktop\ESTRUCTURA DE DATOS I\Escobar_Ayleen_PruebaPila\Pila.cpp(9,27): error C2146: error de sintaxis: falta ')' delante del identificador 'elemento'
C:\Users\famil\Desktop\ESTRUCTURA DE DATOS I\Escobar_Ayleen_PruebaPila\Pila.cpp(9,36): error C2143: error de sintaxis: falta ';' delante de '{'
C:\Users\famil\Desktop\ESTRUCTURA DE DATOS I\Escobar_Ayleen_PruebaPila\Pila.cpp(9,36): error C2447: '{': falta el encabezado de función (¿lista formal de estilo anterior?)
C:\Users\famil\Desktop\ESTRUCTURA DE DATOS I\Escobar_Ayleen_PruebaPila\Pila.cpp(13,7): error C2653: 'Pila': no es un nombre de clase o espacio de nombres
C:\Users\famil\Desktop\ESTRUCTURA DE DATOS I\Escobar_Ayleen_PruebaPila\Pila.cpp(13,1): error C4430: falta el especificador de tipo; se presupone int. Nota: C++ no admite default-int
C:\Users\famil\Desktop\ESTRUCTURA DE DATOS I\Escobar_Ayleen_PruebaPila\Pila.cpp(13,13): error C2146: error de sintaxis: falta ';' delante del identificador 'quitar'
C:\Users\famil\Desktop\ESTRUCTURA DE DATOS I\Escobar_Ayleen_PruebaPila\Pila.cpp(14,1): error C2143: error de sintaxis: falta ';' delante de '{'
C:\Users\famil\Desktop\ESTRUCTURA DE DATOS I\Escobar_Ayleen_PruebaPila\Pila.cpp(14,1): error C2447: '{': falta el encabezado de función (¿lista formal de estilo anterior?)
C:\Users\famil\Desktop\ESTRUCTURA DE DATOS I\Escobar_Ayleen_PruebaPila\Pila.cpp(18,6): error C2653: 'Pila': no es un nombre de clase o espacio de nombres
C:\Users\famil\Desktop\ESTRUCTURA DE DATOS I\Escobar_Ayleen_PruebaPila\Pila.cpp(22,7): error C2653: 'Pila': no es un nombre de clase o espacio de nombres
C:\Users\famil\Desktop\ESTRUCTURA DE DATOS I\Escobar_Ayleen_PruebaPila\Pila.cpp(22,1): error C4430: falta el especificador de tipo; se presupone int. Nota: C++ no admite default-int
C:\Users\famil\Desktop\ESTRUCTURA DE DATOS I\Escobar_Ayleen_PruebaPila\Pila.cpp(22,1): error C2086: 'int Datos': nueva definición
      C:\Users\famil\Desktop\ESTRUCTURA DE DATOS I\Escobar_Ayleen_PruebaPila\Pila.cpp(13,1):
      vea la declaración de 'Datos'
  
C:\Users\famil\Desktop\ESTRUCTURA DE DATOS I\Escobar_Ayleen_PruebaPila\Pila.cpp(22,13): error C2146: error de sintaxis: falta ';' delante del identificador 'cimaPila'
C:\Users\famil\Desktop\ESTRUCTURA DE DATOS I\Escobar_Ayleen_PruebaPila\Pila.cpp(22,23): error C2143: error de sintaxis: falta ';' delante de '{'
C:\Users\famil\Desktop\ESTRUCTURA DE DATOS I\Escobar_Ayleen_PruebaPila\Pila.cpp(22,23): error C2447: '{': falta el encabezado de función (¿lista formal de estilo anterior?)
C:\Users\famil\Desktop\ESTRUCTURA DE DATOS I\Escobar_Ayleen_PruebaPila\Pila.cpp(26,6): error C2653: 'Pila': no es un nombre de clase o espacio de nombres
C:\Users\famil\Desktop\ESTRUCTURA DE DATOS I\Escobar_Ayleen_PruebaPila\Pila.cpp(30,6): error C2653: 'Pila': no es un nombre de clase o espacio de nombres
